<?xml version="1.0" encoding="UTF-8"?>
<testsuite xmlns:xsi="http://www.w3.org/2001/XMLSchema-instance" xsi:noNamespaceSchemaLocation="https://maven.apache.org/surefire/maven-surefire-plugin/xsd/surefire-test-report-3.0.xsd" version="3.0" name="com.hotelbooking.service.UserServiceTest" time="0.055" tests="19" errors="0" skipped="0" failures="0">
  <properties>
[...]
</properties>
  <testcase name="registerUser_WithEmptyUsername_ShouldThrowValidationException" classname="com.hotelbooking.service.UserServiceTest" time="0.036"/>
  <testcase name="loginUser_OldImplementation_WithInvalidPassword_ShouldThrowBusinessException" classname="com.hotelbooking.service.UserServiceTest" time="0.001">
    <system-out><![CDATA[注意：这个测试对应旧版本的UserService实现
]]></system-out>
  </testcase>
  <testcase name="loginUser_WithEmptyUsername_ShouldThrowValidationException" classname="com.hotelbooking.service.UserServiceTest" time="0.0"/>
  <testcase name="loginUser_WithInvalidPassword_ShouldThrowBusinessException" classname="com.hotelbooking.service.UserServiceTest" time="0.001"/>
  <testcase name="deleteUser_WithNonExistingId_ShouldReturnFalse" classname="com.hotelbooking.service.UserServiceTest" time="0.001"/>
  <testcase name="loginUser_WithNullUsername_ShouldThrowValidationException" classname="com.hotelbooking.service.UserServiceTest" time="0.0"/>
  <testcase name="registerUser_WithExistingUsername_ShouldThrowBusinessException" classname="com.hotelbooking.service.UserServiceTest" time="0.0"/>
  <testcase name="registerUser_WithValidData_ShouldCreateUser" classname="com.hotelbooking.service.UserServiceTest" time="0.002">
    <system-out><![CDATA[准备调用 createUser: testuser
createUser 调用结束: 1
]]></system-out>
  </testcase>
  <testcase name="deleteUser_WithExistingId_ShouldReturnTrue" classname="com.hotelbooking.service.UserServiceTest" time="0.0"/>
  <testcase name="loginUser_WhenDAOThrowsException_ShouldThrowBusinessException" classname="com.hotelbooking.service.UserServiceTest" time="0.001"/>
  <testcase name="getUserByUsername_WithExistingUser_ShouldReturnUser" classname="com.hotelbooking.service.UserServiceTest" time="0.0"/>
  <testcase name="loginUser_WithValidCredentials_ShouldReturnUser" classname="com.hotelbooking.service.UserServiceTest" time="0.001"/>
  <testcase name="getAllUsers_ShouldReturnAllUsers" classname="com.hotelbooking.service.UserServiceTest" time="0.001"/>
  <testcase name="getUserById_WithExistingId_ShouldReturnUser" classname="com.hotelbooking.service.UserServiceTest" time="0.001"/>
  <testcase name="updateUser_WithNullUser_ShouldReturnFalse" classname="com.hotelbooking.service.UserServiceTest" time="0.0"/>
  <testcase name="loginUser_WithEmptyPassword_ShouldThrowValidationException" classname="com.hotelbooking.service.UserServiceTest" time="0.0"/>
  <testcase name="updateUser_WithValidUser_ShouldReturnTrue" classname="com.hotelbooking.service.UserServiceTest" time="0.001"/>
  <testcase name="loginUser_WithNullPassword_ShouldThrowValidationException" classname="com.hotelbooking.service.UserServiceTest" time="0.001"/>
  <testcase name="loginUser_WithNonExistingUser_ShouldThrowBusinessException" classname="com.hotelbooking.service.UserServiceTest" time="0.001"/>
</testsuite>