<?xml version="1.0" encoding="UTF-8"?>
<testsuite xmlns:xsi="http://www.w3.org/2001/XMLSchema-instance" xsi:noNamespaceSchemaLocation="https://maven.apache.org/surefire/maven-surefire-plugin/xsd/surefire-test-report-3.0.xsd" version="3.0" name="com.hotelbooking.service.MockitoVerificationTest" time="0.102" tests="2" errors="0" skipped="0" failures="0">
  <properties>
[...]
</properties>
  <testcase name="testMockitoAnyMethod" classname="com.hotelbooking.service.MockitoVerificationTest" time="0.1">
    <system-out><![CDATA[✅ Mockito any() method is working!
]]></system-out>
  </testcase>
  <testcase name="testMockitoStaticImportsWork" classname="com.hotelbooking.service.MockitoVerificationTest" time="0.001">
    <system-out><![CDATA[✅ Mockito static imports are working!
]]></system-out>
  </testcase>
</testsuite>