<?xml version="1.0" encoding="UTF-8"?>
<testsuite xmlns:xsi="http://www.w3.org/2001/XMLSchema-instance" xsi:noNamespaceSchemaLocation="https://maven.apache.org/surefire/maven-surefire-plugin/xsd/surefire-test-report-3.0.xsd" version="3.0" name="com.hotelbooking.dao.HotelDAOTest" time="1.386" tests="7" errors="0" skipped="0" failures="0">
  <properties>
[...]
</properties>
  <testcase name="getAllHotels_ShouldReturnAllHotels" classname="com.hotelbooking.dao.HotelDAOTest" time="0.212">
    <system-out><![CDATA[Starting to drop old tables...
Table dropped successfully: DROP TABLE payments
Table dropped successfully: DROP TABLE bookings
Table dropped successfully: DROP TABLE rooms
Table dropped successfully: DROP TABLE hotels
Table dropped successfully: DROP TABLE users
Database initialized successfully
✅ Reading all hotels from database...
]]></system-out>
  </testcase>
  <testcase name="createHotel_WithValidHotel_ShouldReturnHotelWithId" classname="com.hotelbooking.dao.HotelDAOTest" time="0.201">
    <system-out><![CDATA[Starting to drop old tables...
Table dropped successfully: DROP TABLE payments
Table dropped successfully: DROP TABLE bookings
Table dropped successfully: DROP TABLE rooms
Table dropped successfully: DROP TABLE hotels
Table dropped successfully: DROP TABLE users
Database initialized successfully
]]></system-out>
  </testcase>
  <testcase name="getHotelById_WithNonExistingId_ShouldReturnEmpty" classname="com.hotelbooking.dao.HotelDAOTest" time="0.173">
    <system-out><![CDATA[Starting to drop old tables...
Table dropped successfully: DROP TABLE payments
Table dropped successfully: DROP TABLE bookings
Table dropped successfully: DROP TABLE rooms
Table dropped successfully: DROP TABLE hotels
Table dropped successfully: DROP TABLE users
Database initialized successfully
]]></system-out>
  </testcase>
  <testcase name="updateHotel_ShouldUpdateHotelData" classname="com.hotelbooking.dao.HotelDAOTest" time="0.171">
    <system-out><![CDATA[Starting to drop old tables...
Table dropped successfully: DROP TABLE payments
Table dropped successfully: DROP TABLE bookings
Table dropped successfully: DROP TABLE rooms
Table dropped successfully: DROP TABLE hotels
Table dropped successfully: DROP TABLE users
Database initialized successfully
]]></system-out>
  </testcase>
  <testcase name="getHotelById_WithExistingId_ShouldReturnHotel" classname="com.hotelbooking.dao.HotelDAOTest" time="0.208">
    <system-out><![CDATA[Starting to drop old tables...
Table dropped successfully: DROP TABLE payments
Table dropped successfully: DROP TABLE bookings
Table dropped successfully: DROP TABLE rooms
Table dropped successfully: DROP TABLE hotels
Table dropped successfully: DROP TABLE users
Database initialized successfully
]]></system-out>
  </testcase>
  <testcase name="deleteHotel_ShouldRemoveHotel" classname="com.hotelbooking.dao.HotelDAOTest" time="0.198">
    <system-out><![CDATA[Starting to drop old tables...
Table dropped successfully: DROP TABLE payments
Table dropped successfully: DROP TABLE bookings
Table dropped successfully: DROP TABLE rooms
Table dropped successfully: DROP TABLE hotels
Table dropped successfully: DROP TABLE users
Database initialized successfully
]]></system-out>
  </testcase>
  <testcase name="getHotelsByLocation_ShouldReturnMatchingHotels" classname="com.hotelbooking.dao.HotelDAOTest" time="0.216">
    <system-out><![CDATA[Starting to drop old tables...
Table dropped successfully: DROP TABLE payments
Table dropped successfully: DROP TABLE bookings
Table dropped successfully: DROP TABLE rooms
Table dropped successfully: DROP TABLE hotels
Table dropped successfully: DROP TABLE users
Database initialized successfully
]]></system-out>
  </testcase>
</testsuite>